<?xml version="1.0" encoding="UTF-8"?>
<!-- Generated by org.testng.reporters.JUnitReportReporter -->
<testsuite skipped="0" hostname="DESKTOP-E3N6RLT" name="com.training.sanity.tests.RETC_008" tests="1" failures="0" timestamp="24 Jun 2019 18:13:51 GMT" time="25.935" errors="0">
  <testcase name="validLoginTest" time="25.935" classname="com.training.sanity.tests.RETC_008"/>
</testsuite> <!-- com.training.sanity.tests.RETC_008 -->
