<?xml version="1.0" encoding="UTF-8"?>
<!-- Generated by org.testng.reporters.JUnitReportReporter -->
<testsuite skipped="0" hostname="DESKTOP-E3N6RLT" name="com.training.sanity.tests.RETC_040" tests="1" failures="0" timestamp="26 Jun 2019 17:05:53 GMT" time="61.587" errors="0">
  <testcase name="validLoginTest" time="61.587" classname="com.training.sanity.tests.RETC_040"/>
</testsuite> <!-- com.training.sanity.tests.RETC_040 -->
