<?xml version="1.0" encoding="UTF-8"?>
<!-- Generated by org.testng.reporters.JUnitReportReporter -->
<testsuite skipped="0" hostname="DESKTOP-E3N6RLT" name="com.training.sanity.tests.RETC_009" tests="1" failures="0" timestamp="23 Jun 2019 09:02:52 GMT" time="64.903" errors="0">
  <testcase name="ValidLoginTest" time="64.903" classname="com.training.sanity.tests.RETC_009"/>
</testsuite> <!-- com.training.sanity.tests.RETC_009 -->
