<?xml version="1.0" encoding="UTF-8"?>
<!-- Generated by org.testng.reporters.JUnitReportReporter -->
<testsuite skipped="0" hostname="DESKTOP-E3N6RLT" name="com.training.sanity.tests.RETC_008" tests="1" failures="0" timestamp="18 Jun 2019 06:05:04 GMT" time="26.561" errors="0">
  <testcase name="validLoginTest" time="26.561" classname="com.training.sanity.tests.RETC_008"/>
</testsuite> <!-- com.training.sanity.tests.RETC_008 -->
