<?xml version="1.0" encoding="UTF-8"?>
<!-- Generated by org.testng.reporters.JUnitReportReporter -->
<testsuite skipped="0" hostname="DESKTOP-E3N6RLT" name="com.training.sanity.tests.RETC_039" tests="1" failures="0" timestamp="25 Jun 2019 19:19:52 GMT" time="74.303" errors="0">
  <testcase name="validLoginTest" time="74.303" classname="com.training.sanity.tests.RETC_039"/>
</testsuite> <!-- com.training.sanity.tests.RETC_039 -->
