<?xml version="1.0" encoding="UTF-8"?>
<!-- Generated by org.testng.reporters.JUnitReportReporter -->
<testsuite skipped="0" hostname="DESKTOP-E3N6RLT" name="com.training.sanity.tests.RETC_068" tests="1" failures="0" timestamp="18 Jul 2019 07:54:06 GMT" time="27.604" errors="0">
  <testcase name="validLoginTest" time="27.604" classname="com.training.sanity.tests.RETC_068"/>
</testsuite> <!-- com.training.sanity.tests.RETC_068 -->
